# JRE version: OpenJDK Runtime Environment Microsoft-11369865 (17.0.15+6) (build 17.0.15+6-LTS)
# Java VM: OpenJDK 64-Bit Server VM Microsoft-11369865 (17.0.15+6-LTS, mixed mode, sharing, tiered, compressed oops, compressed class ptrs, g1 gc, windows-amd64)
GC Precious Log:
 CPUs: 16 total, 16 available
 Memory: 32679M
 Large Page Support: Disabled
 NUMA Support: Disabled
 Compressed Oops: Enabled (Zero based)
 Heap Region Size: 4M
 Heap Min Capacity: 8M
 Heap Initial Capacity: 512M
 Heap Max Capacity: 8172M
 Pre-touch: Disabled
 Parallel Workers: 13
 Concurrent Workers: 3
 Concurrent Refinement Workers: 13
 Periodic GC: Disabled
Heap:
 garbage-first heap   total 831488K, used 251826K [0x0000000601400000, 0x0000000800000000)
  region size 4096K, 6 young (24576K), 6 survivors (24576K)
 Metaspace       used 57620K, committed 58816K, reserved 1114112K
  class space    used 8364K, committed 8896K, reserved 1048576K
GC Heap History (20 events):
Event: 10.638 GC heap after
{Heap after GC invocations=16 (full 0):
 garbage-first heap   total 344064K, used 101512K [0x0000000601400000, 0x0000000800000000)
  region size 4096K, 5 young (20480K), 5 survivors (20480K)
 Metaspace       used 43766K, committed 44864K, reserved 1114112K
  class space    used 5634K, committed 6144K, reserved 1048576K
}
Event: 11.040 GC heap before
{Heap before GC invocations=17 (full 0):
 garbage-first heap   total 344064K, used 273544K [0x0000000601400000, 0x0000000800000000)
  region size 4096K, 47 young (192512K), 5 survivors (20480K)
 Metaspace       used 44748K, committed 45824K, reserved 1114112K
  class space    used 5815K, committed 6336K, reserved 1048576K
}
Event: 11.062 GC heap after
{Heap after GC invocations=18 (full 0):
 garbage-first heap   total 344064K, used 117954K [0x0000000601400000, 0x0000000800000000)
  region size 4096K, 6 young (24576K), 6 survivors (24576K)
 Metaspace       used 44748K, committed 45824K, reserved 1114112K
  class space    used 5815K, committed 6336K, reserved 1048576K
}
Event: 11.686 GC heap before
{Heap before GC invocations=18 (full 0):
 garbage-first heap   total 344064K, used 269506K [0x0000000601400000, 0x0000000800000000)
  region size 4096K, 43 young (176128K), 6 survivors (24576K)
 Metaspace       used 49828K, committed 50944K, reserved 1114112K
  class space    used 6602K, committed 7104K, reserved 1048576K
}
Event: 11.703 GC heap after
{Heap after GC invocations=19 (full 0):
 garbage-first heap   total 438272K, used 143562K [0x0000000601400000, 0x0000000800000000)
  region size 4096K, 6 young (24576K), 6 survivors (24576K)
 Metaspace       used 49828K, committed 50944K, reserved 1114112K
  class space    used 6602K, committed 7104K, reserved 1048576K
}
Event: 12.134 GC heap before
{Heap before GC invocations=19 (full 0):
 garbage-first heap   total 438272K, used 336074K [0x0000000601400000, 0x0000000800000000)
  region size 4096K, 53 young (217088K), 6 survivors (24576K)
 Metaspace       used 54284K, committed 55488K, reserved 1114112K
  class space    used 7660K, committed 8192K, reserved 1048576K
}
Event: 12.153 GC heap after
{Heap after GC invocations=20 (full 0):
 garbage-first heap   total 438272K, used 166426K [0x0000000601400000, 0x0000000800000000)
  region size 4096K, 6 young (24576K), 6 survivors (24576K)
 Metaspace       used 54284K, committed 55488K, reserved 1114112K
  class space    used 7660K, committed 8192K, reserved 1048576K
}
Event: 12.359 GC heap before
{Heap before GC invocations=20 (full 0):
 garbage-first heap   total 438272K, used 338458K [0x0000000601400000, 0x0000000800000000)
  region size 4096K, 48 young (196608K), 6 survivors (24576K)
 Metaspace       used 55224K, committed 56320K, reserved 1114112K
  class space    used 7902K, committed 8384K, reserved 1048576K
}
Event: 12.381 GC heap after
{Heap after GC invocations=21 (full 0):
 garbage-first heap   total 438272K, used 189630K [0x0000000601400000, 0x0000000800000000)
  region size 4096K, 6 young (24576K), 6 survivors (24576K)
 Metaspace       used 55224K, committed 56320K, reserved 1114112K
  class space    used 7902K, committed 8384K, reserved 1048576K
}
Event: 12.509 GC heap before
{Heap before GC invocations=21 (full 0):
 garbage-first heap   total 438272K, used 337086K [0x0000000601400000, 0x0000000800000000)
  region size 4096K, 42 young (172032K), 6 survivors (24576K)
 Metaspace       used 55585K, committed 56768K, reserved 1114112K
  class space    used 7990K, committed 8512K, reserved 1048576K
}
Event: 12.532 GC heap after
{Heap after GC invocations=22 (full 0):
 garbage-first heap   total 438272K, used 210455K [0x0000000601400000, 0x0000000800000000)
  region size 4096K, 6 young (24576K), 6 survivors (24576K)
 Metaspace       used 55585K, committed 56768K, reserved 1114112K
  class space    used 7990K, committed 8512K, reserved 1048576K
}
Event: 12.621 GC heap before
{Heap before GC invocations=22 (full 0):
 garbage-first heap   total 438272K, used 337431K [0x0000000601400000, 0x0000000800000000)
  region size 4096K, 37 young (151552K), 6 survivors (24576K)
 Metaspace       used 56195K, committed 57344K, reserved 1114112K
  class space    used 8115K, committed 8640K, reserved 1048576K
}
Event: 12.642 GC heap after
{Heap after GC invocations=23 (full 0):
 garbage-first heap   total 831488K, used 227576K [0x0000000601400000, 0x0000000800000000)
  region size 4096K, 5 young (20480K), 5 survivors (20480K)
 Metaspace       used 56195K, committed 57344K, reserved 1114112K
  class space    used 8115K, committed 8640K, reserved 1048576K
}
Event: 12.797 GC heap before
{Heap before GC invocations=23 (full 0):
 garbage-first heap   total 831488K, used 608504K [0x0000000601400000, 0x0000000800000000)
  region size 4096K, 98 young (401408K), 5 survivors (20480K)
 Metaspace       used 56896K, committed 58048K, reserved 1114112K
  class space    used 8224K, committed 8704K, reserved 1048576K
}
Event: 12.810 GC heap after
{Heap after GC invocations=24 (full 0):
 garbage-first heap   total 831488K, used 238565K [0x0000000601400000, 0x0000000800000000)
  region size 4096K, 7 young (28672K), 7 survivors (28672K)
 Metaspace       used 56896K, committed 58048K, reserved 1114112K
  class space    used 8224K, committed 8704K, reserved 1048576K
}
Event: 12.857 GC heap before
{Heap before GC invocations=24 (full 0):
 garbage-first heap   total 831488K, used 627685K [0x0000000601400000, 0x0000000800000000)
  region size 4096K, 101 young (413696K), 7 survivors (28672K)
 Metaspace       used 57165K, committed 58304K, reserved 1114112K
  class space    used 8273K, committed 8768K, reserved 1048576K
}
Event: 12.868 GC heap after
{Heap after GC invocations=25 (full 0):
 garbage-first heap   total 831488K, used 245790K [0x0000000601400000, 0x0000000800000000)
  region size 4096K, 4 young (16384K), 4 survivors (16384K)
 Metaspace       used 57165K, committed 58304K, reserved 1114112K
  class space    used 8273K, committed 8768K, reserved 1048576K
}
Event: 12.913 GC heap before
{Heap before GC invocations=25 (full 0):
 garbage-first heap   total 831488K, used 643102K [0x0000000601400000, 0x0000000800000000)
  region size 4096K, 102 young (417792K), 4 survivors (16384K)
 Metaspace       used 57415K, committed 58560K, reserved 1114112K
  class space    used 8321K, committed 8832K, reserved 1048576K
}
Event: 12.921 GC heap after
{Heap after GC invocations=26 (full 0):
 garbage-first heap   total 831488K, used 248463K [0x0000000601400000, 0x0000000800000000)
  region size 4096K, 5 young (20480K), 5 survivors (20480K)
 Metaspace       used 57415K, committed 58560K, reserved 1114112K
  class space    used 8321K, committed 8832K, reserved 1048576K
}
Event: 12.970 GC heap before
{Heap before GC invocations=26 (full 0):
 garbage-first heap   total 831488K, used 666255K [0x0000000601400000, 0x0000000800000000)
  region size 4096K, 107 young (438272K), 5 survivors (20480K)
 Metaspace       used 57620K, committed 58816K, reserved 1114112K
  class space    used 8364K, committed 8896K, reserved 1048576K
}

